{
  "RSpec": {
    "coverage": {
      "/Users/somayeh/Projects/Airport-challenge2/spec/airport_spec.rb": [
        1,
        null,
        1,
        null,
        7,
        7,
        2,
        null,
        null,
        1,
        1,
        1,
        2,
        1,
        null,
        null,
        null,
        1,
        1,
        2,
        2,
        null,
        null,
        null,
        null,
        1,
        1,
        1,
        2,
        2,
        null,
        null,
        null,
        null,
        1,
        1,
        1,
        1,
        2,
        1,
        null,
        null,
        null,
        1,
        1,
        1,
        2,
        1,
        null,
        null,
        null,
        1,
        1,
        1,
        2,
        2,
        null,
        null,
        null,
        null,
        null,
        null
      ],
      "/Users/somayeh/Projects/Airport-challenge2/lib/airport.rb": [
        1,
        1,
        null,
        1,
        null,
        1,
        1,
        1,
        null,
        1,
        6,
        6,
        6,
        null,
        null,
        1,
        3,
        2,
        1,
        null,
        null,
        1,
        3,
        2,
        2,
        null,
        null,
        null
      ],
      "/Users/somayeh/Projects/Airport-challenge2/lib/plane.rb": [
        1,
        null,
        1,
        0,
        null,
        null,
        null
      ],
      "/Users/somayeh/Projects/Airport-challenge2/lib/weather.rb": [
        1,
        null,
        1,
        2,
        null,
        null,
        1,
        1,
        0,
        null,
        null,
        null
      ],
      "/Users/somayeh/Projects/Airport-challenge2/spec/plane_spec.rb": [
        1,
        null,
        1,
        null,
        null,
        null
      ],
      "/Users/somayeh/Projects/Airport-challenge2/spec/weather_spec.rb": [
        1,
        null,
        1,
        null,
        3,
        null,
        1,
        1,
        2,
        1,
        null,
        null,
        1,
        2,
        1,
        null,
        null,
        null
      ]
    },
    "timestamp": 1524425294
  }
}
