{
  "RSpec": {
    "coverage": {
      "/Users/somayeh/Projects/Airport-challenge2/spec/airport_spec.rb": [
        1,
        null,
        1,
        null,
        9,
        9,
        2,
        null,
        null,
        1,
        1,
        1,
        1,
        null,
        null,
        null,
        1,
        1,
        2,
        null,
        null,
        null,
        1,
        1,
        1,
        2,
        null,
        null,
        null,
        null,
        1,
        1,
        1,
        2,
        null,
        null,
        null,
        null,
        1,
        1,
        1,
        1,
        1,
        null,
        null,
        null,
        1,
        1,
        1,
        1,
        null,
        null,
        null,
        1,
        1,
        1,
        2,
        null,
        null,
        null,
        1,
        1,
        1,
        1,
        2,
        null,
        null,
        null,
        null,
        null,
        null
      ],
      "/Users/somayeh/Projects/Airport-challenge2/lib/airport.rb": [
        1,
        1,
        null,
        1,
        null,
        1,
        1,
        1,
        null,
        1,
        8,
        8,
        8,
        null,
        null,
        1,
        5,
        4,
        3,
        2,
        null,
        null,
        1,
        5,
        4,
        3,
        3,
        null,
        null,
        1,
        null,
        1,
        7,
        null,
        null,
        null
      ],
      "/Users/somayeh/Projects/Airport-challenge2/lib/plane.rb": [
        1,
        null,
        1,
        0,
        null,
        null,
        null
      ],
      "/Users/somayeh/Projects/Airport-challenge2/lib/weather.rb": [
        1,
        null,
        1,
        1,
        1,
        0,
        null,
        1,
        null,
        null,
        null,
        null
      ],
      "/Users/somayeh/Projects/Airport-challenge2/spec/plane_spec.rb": [
        1,
        null,
        1,
        null,
        null
      ],
      "/Users/somayeh/Projects/Airport-challenge2/spec/weather_spec.rb": [
        1,
        null,
        1,
        null,
        2,
        null,
        1,
        1,
        1,
        1,
        null,
        null,
        null,
        null
      ]
    },
    "timestamp": 1524506848
  }
}
